1: H 1: started
2: H 2: started
3: O 1: started
4: H 3: started
5: O 2: started
6: H 4: started
7: O 3: started
8: H 5: started
9: H 2: going to queue
10: H 1: going to queue
11: O 2: going to queue
12: O 2: creating molecule 1
13: H 1: creating molecule 1
14: H 2: creating molecule 1
15: H 2: molecule 1 created
16: O 2: molecule 1 created
17: H 1: molecule 1 created
18: H 5: going to queue
19: H 3: going to queue
20: O 3: going to queue
21: O 3: creating molecule 2
22: H 3: creating molecule 2
23: H 5: creating molecule 2
24: H 5: molecule 2 created
25: O 3: molecule 2 created
26: H 3: molecule 2 created
27: H 4: going to queue
28: H 4: not enough O or H
29: O 1: going to queue
30: O 1: not enough H
